<?xml version="1.0" encoding="UTF-8"?>
<!-- Generated by org.testng.reporters.JUnitReportReporter -->
<testsuite hostname="DESKTOP-TTD9581" failures="0" tests="1" name="tests.Registration" time="8.307" errors="0" timestamp="2025-03-04T15:02:02 IST" skipped="0">
  <testcase classname="tests.Registration" name="setFirstname" time="8.307"/>
</testsuite> <!-- tests.Registration -->
