<?xml version="1.0" encoding="UTF-8"?>
<!-- Generated by org.testng.reporters.JUnitReportReporter -->
<testsuite hostname="DESKTOP-TTD9581" failures="0" tests="1" name="tests.DemoAutomation" time="26.721" errors="0" timestamp="2025-03-04T17:55:36 IST" skipped="0">
  <testcase classname="tests.DemoAutomation" name="setusername" time="26.721"/>
</testsuite> <!-- tests.DemoAutomation -->
